This is pdfTeX, Version 3.14159265-2.6-1.40.21 (TeX Live 2020/Arch Linux) (preloaded format=pdflatex 2021.4.5)  22 APR 2021 23:42
entering extended mode
 restricted \write18 enabled.
 %&-line parsing enabled.
**project_report.tex
(./project_report.tex
LaTeX2e <2020-10-01> patch level 2
L3 programming layer <2020-12-03> xparse <2020-03-03>
(/usr/share/texmf-dist/tex/latex/base/report.cls
Document Class: report 2020/04/10 v1.4m Standard LaTeX document class
(/usr/share/texmf-dist/tex/latex/base/size10.clo
File: size10.clo 2020/04/10 v1.4m Standard LaTeX file (size option)
)
\c@part=\count177
\c@chapter=\count178
\c@section=\count179
\c@subsection=\count180
\c@subsubsection=\count181
\c@paragraph=\count182
\c@subparagraph=\count183
\c@figure=\count184
\c@table=\count185
\abovecaptionskip=\skip47
\belowcaptionskip=\skip48
\bibindent=\dimen138
)
(/usr/share/texmf-dist/tex/latex/setspace/setspace.sty
Package: setspace 2011/12/19 v6.7a set line spacing
)
(/usr/share/texmf-dist/tex/latex/amsfonts/amssymb.sty
Package: amssymb 2013/01/14 v3.01 AMS font symbols

(/usr/share/texmf-dist/tex/latex/amsfonts/amsfonts.sty
Package: amsfonts 2013/01/14 v3.01 Basic AMSFonts support
\@emptytoks=\toks15
\symAMSa=\mathgroup4
\symAMSb=\mathgroup5
LaTeX Font Info:    Redeclaring math symbol \hbar on input line 98.
LaTeX Font Info:    Overwriting math alphabet `\mathfrak' in version `bold'
(Font)                  U/euf/m/n --> U/euf/b/n on input line 106.
))
(/usr/share/texmf-dist/tex/latex/graphics/graphicx.sty
Package: graphicx 2020/09/09 v1.2b Enhanced LaTeX Graphics (DPC,SPQR)

(/usr/share/texmf-dist/tex/latex/graphics/keyval.sty
Package: keyval 2014/10/28 v1.15 key=value parser (DPC)
\KV@toks@=\toks16
)
(/usr/share/texmf-dist/tex/latex/graphics/graphics.sty
Package: graphics 2020/08/30 v1.4c Standard LaTeX Graphics (DPC,SPQR)

(/usr/share/texmf-dist/tex/latex/graphics/trig.sty
Package: trig 2016/01/03 v1.10 sin cos tan (DPC)
)
(/usr/share/texmf-dist/tex/latex/graphics-cfg/graphics.cfg
File: graphics.cfg 2016/06/04 v1.11 sample graphics configuration
)
Package graphics Info: Driver file: pdftex.def on input line 105.

(/usr/share/texmf-dist/tex/latex/graphics-def/pdftex.def
File: pdftex.def 2020/10/05 v1.2a Graphics/color driver for pdftex
))
\Gin@req@height=\dimen139
\Gin@req@width=\dimen140
)
(/usr/share/texmf-dist/tex/latex/graphics/color.sty
Package: color 2020/02/24 v1.2b Standard LaTeX Color (DPC)

(/usr/share/texmf-dist/tex/latex/graphics-cfg/color.cfg
File: color.cfg 2016/01/02 v1.6 sample color configuration
)
Package color Info: Driver file: pdftex.def on input line 147.
)
(/usr/share/texmf-dist/tex/latex/base/latexsym.sty
Package: latexsym 1998/08/17 v2.2e Standard LaTeX package (lasy symbols)
\symlasy=\mathgroup6
LaTeX Font Info:    Overwriting symbol font `lasy' in version `bold'
(Font)                  U/lasy/m/n --> U/lasy/b/n on input line 52.
)
(/usr/share/texmf-dist/tex/latex/amsmath/amsmath.sty
Package: amsmath 2020/09/23 v2.17i AMS math features
\@mathmargin=\skip49

For additional information on amsmath, use the `?' option.
(/usr/share/texmf-dist/tex/latex/amsmath/amstext.sty
Package: amstext 2000/06/29 v2.01 AMS text

(/usr/share/texmf-dist/tex/latex/amsmath/amsgen.sty
File: amsgen.sty 1999/11/30 v2.0 generic functions
\@emptytoks=\toks17
\ex@=\dimen141
))
(/usr/share/texmf-dist/tex/latex/amsmath/amsbsy.sty
Package: amsbsy 1999/11/29 v1.2d Bold Symbols
\pmbraise@=\dimen142
)
(/usr/share/texmf-dist/tex/latex/amsmath/amsopn.sty
Package: amsopn 2016/03/08 v2.02 operator names
)
\inf@bad=\count186
LaTeX Info: Redefining \frac on input line 234.
\uproot@=\count187
\leftroot@=\count188
LaTeX Info: Redefining \overline on input line 399.
\classnum@=\count189
\DOTSCASE@=\count190
LaTeX Info: Redefining \ldots on input line 496.
LaTeX Info: Redefining \dots on input line 499.
LaTeX Info: Redefining \cdots on input line 620.
\Mathstrutbox@=\box47
\strutbox@=\box48
\big@size=\dimen143
LaTeX Font Info:    Redeclaring font encoding OML on input line 743.
LaTeX Font Info:    Redeclaring font encoding OMS on input line 744.
\macc@depth=\count191
\c@MaxMatrixCols=\count192
\dotsspace@=\muskip16
\c@parentequation=\count193
\dspbrk@lvl=\count194
\tag@help=\toks18
\row@=\count195
\column@=\count196
\maxfields@=\count197
\andhelp@=\toks19
\eqnshift@=\dimen144
\alignsep@=\dimen145
\tagshift@=\dimen146
\tagwidth@=\dimen147
\totwidth@=\dimen148
\lineht@=\dimen149
\@envbody=\toks20
\multlinegap=\skip50
\multlinetaggap=\skip51
\mathdisplay@stack=\toks21
LaTeX Info: Redefining \[ on input line 2923.
LaTeX Info: Redefining \] on input line 2924.
)
(/usr/share/texmf-dist/tex/latex/geometry/geometry.sty
Package: geometry 2020/01/02 v5.9 Page Geometry

(/usr/share/texmf-dist/tex/generic/iftex/ifvtex.sty
Package: ifvtex 2019/10/25 v1.7 ifvtex legacy package. Use iftex instead.

(/usr/share/texmf-dist/tex/generic/iftex/iftex.sty
Package: iftex 2020/03/06 v1.0d TeX engine tests
))
\Gm@cnth=\count198
\Gm@cntv=\count199
\c@Gm@tempcnt=\count266
\Gm@bindingoffset=\dimen150
\Gm@wd@mp=\dimen151
\Gm@odd@mp=\dimen152
\Gm@even@mp=\dimen153
\Gm@layoutwidth=\dimen154
\Gm@layoutheight=\dimen155
\Gm@layouthoffset=\dimen156
\Gm@layoutvoffset=\dimen157
\Gm@dimlist=\toks22
)
(/usr/share/texmf-dist/tex/latex/wrapfig/wrapfig.sty
\wrapoverhang=\dimen158
\WF@size=\dimen159
\c@WF@wrappedlines=\count267
\WF@box=\box49
\WF@everypar=\toks23
Package: wrapfig 2003/01/31  v 3.6
)
\c@theorem=\count268

(/usr/share/texmf-dist/tex/latex/l3backend/l3backend-pdftex.def
File: l3backend-pdftex.def 2020-09-24 L3 backend support: PDF output (pdfTeX)
\l__kernel_color_stack_int=\count269
\l__pdf_internal_box=\box50
)
(./project_report.aux)
LaTeX Font Info:    Checking defaults for OML/cmm/m/it on input line 61.
LaTeX Font Info:    ... okay on input line 61.
LaTeX Font Info:    Checking defaults for OMS/cmsy/m/n on input line 61.
LaTeX Font Info:    ... okay on input line 61.
LaTeX Font Info:    Checking defaults for OT1/cmr/m/n on input line 61.
LaTeX Font Info:    ... okay on input line 61.
LaTeX Font Info:    Checking defaults for T1/cmr/m/n on input line 61.
LaTeX Font Info:    ... okay on input line 61.
LaTeX Font Info:    Checking defaults for TS1/cmr/m/n on input line 61.
LaTeX Font Info:    ... okay on input line 61.
LaTeX Font Info:    Checking defaults for OMX/cmex/m/n on input line 61.
LaTeX Font Info:    ... okay on input line 61.
LaTeX Font Info:    Checking defaults for U/cmr/m/n on input line 61.
LaTeX Font Info:    ... okay on input line 61.

(/usr/share/texmf-dist/tex/context/base/mkii/supp-pdf.mkii
[Loading MPS to PDF converter (version 2006.09.02).]
\scratchcounter=\count270
\scratchdimen=\dimen160
\scratchbox=\box51
\nofMPsegments=\count271
\nofMParguments=\count272
\everyMPshowfont=\toks24
\MPscratchCnt=\count273
\MPscratchDim=\dimen161
\MPnumerator=\count274
\makeMPintoPDFobject=\count275
\everyMPtoPDFconversion=\toks25
) (/usr/share/texmf-dist/tex/latex/epstopdf-pkg/epstopdf-base.sty
Package: epstopdf-base 2020-01-24 v2.11 Base part for package epstopdf
Package epstopdf-base Info: Redefining graphics rule for `.eps' on input line 4
85.

(/usr/share/texmf-dist/tex/latex/latexconfig/epstopdf-sys.cfg
File: epstopdf-sys.cfg 2010/07/13 v1.3 Configuration of (r)epstopdf for TeX Liv
e
))
*geometry* driver: auto-detecting
*geometry* detected driver: pdftex
*geometry* verbose mode - [ preamble ] result:
* driver: pdftex
* paper: a4paper
* layout: <same size as paper>
* layoutoffset:(h,v)=(0.0pt,0.0pt)
* modes: 
* h-part:(L,W,R)=(85.35826pt, 426.79135pt, 85.35826pt)
* v-part:(T,H,B)=(85.35826pt, 688.5567pt, 71.13188pt)
* \paperwidth=597.50787pt
* \paperheight=845.04684pt
* \textwidth=426.79135pt
* \textheight=688.5567pt
* \oddsidemargin=13.08827pt
* \evensidemargin=13.08827pt
* \topmargin=-23.91173pt
* \headheight=12.0pt
* \headsep=25.0pt
* \topskip=10.0pt
* \footskip=30.0pt
* \marginparwidth=57.0pt
* \marginparsep=11.0pt
* \columnsep=10.0pt
* \skip\footins=9.0pt plus 4.0pt minus 2.0pt
* \hoffset=0.0pt
* \voffset=0.0pt
* \mag=1000
* \@twocolumnfalse
* \@twosidefalse
* \@mparswitchfalse
* \@reversemarginfalse
* (1in=72.27pt=25.4mm, 1cm=28.453pt)

<ucl_logo.png, id=1, 1067.99pt x 200.75pt>
File: ucl_logo.png Graphic file (type png)
<use ucl_logo.png>
Package pdftex.def Info: ucl_logo.png  used on input line 64.
(pdftex.def)             Requested size: 427.18845pt x 80.29857pt.

Overfull \hbox (0.3971pt too wide) in paragraph at lines 64--64
 [] 
 []

LaTeX Font Info:    Trying to load font information for U+msa on input line 64.

(/usr/share/texmf-dist/tex/latex/amsfonts/umsa.fd
File: umsa.fd 2013/01/14 v3.01 AMS symbols A
)
LaTeX Font Info:    Trying to load font information for U+msb on input line 64.


(/usr/share/texmf-dist/tex/latex/amsfonts/umsb.fd
File: umsb.fd 2013/01/14 v3.01 AMS symbols B
)
LaTeX Font Info:    Trying to load font information for U+lasy on input line 64
.

(/usr/share/texmf-dist/tex/latex/base/ulasy.fd
File: ulasy.fd 1998/08/17 v2.2e LaTeX symbol font definitions
) [1

{/var/lib/texmf/fonts/map/pdftex/updmap/pdftex.map} <./ucl_logo.png>] [1] (./pr
oject_report.toc [1

])
\tf@toc=\write3

[1]
Chapter 1.
<ironmanmap.jpg, id=26, 271.0125pt x 168.02776pt>
File: ironmanmap.jpg Graphic file (type jpg)
<use ironmanmap.jpg>
Package pdftex.def Info: ironmanmap.jpg  used on input line 84.
(pdftex.def)             Requested size: 271.01183pt x 168.02734pt.
[2

 <./ironmanmap.jpg>]
<pokemongo.jpg, id=30, 580.1675pt x 328.22626pt>
File: pokemongo.jpg Graphic file (type jpg)
<use pokemongo.jpg>
Package pdftex.def Info: pokemongo.jpg  used on input line 93.
(pdftex.def)             Requested size: 290.08302pt x 164.11272pt.

Overfull \hbox (76.68735pt too wide) in paragraph at lines 93--94
 [][] 
 []


Underfull \hbox (badness 10000) in paragraph at lines 96--98

 []

[3 <./pokemongo.jpg>]
<roth_partial3d_features.jpg, id=34, 661.47125pt x 151.56625pt>
File: roth_partial3d_features.jpg Graphic file (type jpg)
<use roth_partial3d_features.jpg>
Package pdftex.def Info: roth_partial3d_features.jpg  used on input line 126.
(pdftex.def)             Requested size: 396.8858pt x 90.94044pt.

Underfull \hbox (badness 10000) in paragraph at lines 119--129

 []

[4 <./roth_partial3d_features.jpg (PNG copy)>]
Underfull \hbox (badness 10000) in paragraph at lines 132--136

 []

<lidarApple.jpg, id=39, 1606.0pt x 903.375pt>
File: lidarApple.jpg Graphic file (type jpg)
<use lidarApple.jpg>
Package pdftex.def Info: lidarApple.jpg  used on input line 139.
(pdftex.def)             Requested size: 240.8896pt x 135.5004pt.
<GOAT.jpg, id=40, 1541.76pt x 1027.58907pt>
File: GOAT.jpg Graphic file (type jpg)
<use GOAT.jpg>
Package pdftex.def Info: GOAT.jpg  used on input line 145.
(pdftex.def)             Requested size: 231.25401pt x 154.1317pt.

Overfull \hbox (17.85834pt too wide) in paragraph at lines 145--146
[][] 
 []


Underfull \hbox (badness 10000) in paragraph at lines 137--146

 []


Underfull \hbox (badness 6141) in paragraph at lines 146--150
\OT1/cmr/m/n/10 I could go around my build-ing tak-ing
 []


Underfull \hbox (badness 4792) in paragraph at lines 146--150
\OT1/cmr/m/n/10 a scan of it, and then re-model it in
 []


Underfull \hbox (badness 3058) in paragraph at lines 146--150
\OT1/cmr/m/n/10 an app. I could also take a scan of
 []


Underfull \hbox (badness 3612) in paragraph at lines 146--150
\OT1/cmr/m/n/10 the en-tire in-te-rior and put it in Unity
 []


Underfull \hbox (badness 3199) in paragraph at lines 146--150
\OT1/cmr/m/n/10 or Un-real En-gine where I could do in-
 []


Underfull \hbox (badness 5119) in paragraph at lines 146--150
\OT1/cmr/m/n/10 te-rior de-sign-ing us-ing cus-tom made ob-
 []


Underfull \hbox (badness 10000) in paragraph at lines 146--150

 []

[5 <./lidarApple.jpg> <./GOAT.jpg>] [6]
Chapter 2.

Underfull \hbox (badness 10000) in paragraph at lines 171--175

 []

[7

]
Underfull \hbox (badness 10000) in paragraph at lines 205--207

 []

<3dstereo.jpg, id=56, 220.825pt x 145.54375pt>
File: 3dstereo.jpg Graphic file (type jpg)
<use 3dstereo.jpg>
Package pdftex.def Info: 3dstereo.jpg  used on input line 217.
(pdftex.def)             Requested size: 220.82445pt x 145.54338pt.
[8 <./3dstereo.jpg>]
<sfm.jpg, id=62, 241.22554pt x 201.56938pt>
File: sfm.jpg Graphic file (type jpg)
<use sfm.jpg>
Package pdftex.def Info: sfm.jpg  used on input line 225.
(pdftex.def)             Requested size: 156.79472pt x 131.01854pt.
<vsh.jpg, id=63, 1274.7625pt x 771.88374pt>
File: vsh.jpg Graphic file (type jpg)
<use vsh.jpg>
Package pdftex.def Info: vsh.jpg  used on input line 234.
(pdftex.def)             Requested size: 382.4317pt x 231.56691pt.
 [9 <./sfm.jpg> <./vsh.jpg>]
Underfull \hbox (badness 10000) in paragraph at lines 253--255

 []

<volbound.jpg, id=67, 566.115pt x 947.54pt>
File: volbound.jpg Graphic file (type jpg)
<use volbound.jpg>
Package pdftex.def Info: volbound.jpg  used on input line 257.
(pdftex.def)             Requested size: 198.14322pt x 331.64397pt.
[10 <./volbound.jpg>]
<volumeCarving.jpg, id=72, 551.05875pt x 454.69875pt>
File: volumeCarving.jpg Graphic file (type jpg)
<use volumeCarving.jpg>
Package pdftex.def Info: volumeCarving.jpg  used on input line 277.
(pdftex.def)             Requested size: 275.52869pt x 227.34882pt.
 [11

 <./volumeCarving.jpg>]
<rayInt.jpg, id=76, 642.4pt x 327.2225pt>
File: rayInt.jpg Graphic file (type jpg)
<use rayInt.jpg>
Package pdftex.def Info: rayInt.jpg  used on input line 293.
(pdftex.def)             Requested size: 449.67694pt x 229.05418pt.

Overfull \hbox (22.88559pt too wide) in paragraph at lines 293--294
[][] 
 []


Underfull \hbox (badness 10000) in paragraph at lines 297--299

 []

<intersection.jpg, id=77, 669.50125pt x 283.0575pt>
File: intersection.jpg Graphic file (type jpg)
<use intersection.jpg>
Package pdftex.def Info: intersection.jpg  used on input line 309.
(pdftex.def)             Requested size: 468.64769pt x 198.13889pt.

Overfull \hbox (41.85634pt too wide) in paragraph at lines 309--310
[][] 
 []

[12 <./rayInt.jpg>] [13 <./intersection.jpg>] [14]
Chapter 3.
<templeAll.jpg, id=88, 906.38625pt x 619.31375pt>
File: templeAll.jpg Graphic file (type jpg)
<use templeAll.jpg>
Package pdftex.def Info: templeAll.jpg  used on input line 349.
(pdftex.def)             Requested size: 416.94273pt x 284.88779pt.
[15

 <./templeAll.jpg>]
<threshold.jpg, id=93, 1113.15875pt x 506.89375pt>
File: threshold.jpg Graphic file (type jpg)
<use threshold.jpg>
Package pdftex.def Info: threshold.jpg  used on input line 370.
(pdftex.def)             Requested size: 333.95021pt x 152.06929pt.
 [16 <./threshold.jpg>]
<threshold_identifier.jpg, id=98, 233.79346pt x 159.35535pt>
File: threshold_identifier.jpg Graphic file (type jpg)
<use threshold_identifier.jpg>
Package pdftex.def Info: threshold_identifier.jpg  used on input line 401.
(pdftex.def)             Requested size: 350.68932pt x 239.0324pt.
 [17 <./threshold_identifier.jpg>]
<bimodal_temple.jpg, id=103, 1135.24126pt x 461.725pt>
File: bimodal_temple.jpg Graphic file (type jpg)
<use bimodal_temple.jpg>
Package pdftex.def Info: bimodal_temple.jpg  used on input line 421.
(pdftex.def)             Requested size: 510.85385pt x 207.77432pt.

Overfull \hbox (60.05418pt too wide) in paragraph at lines 419--422
[] |  [] 
 []

[18 <./bimodal_temple.jpg>]
Underfull \hbox (badness 10000) in paragraph at lines 452--454

 []

<silhouettes.jpg, id=108, 641.39626pt x 481.8pt>
File: silhouettes.jpg Graphic file (type jpg)
<use silhouettes.jpg>
Package pdftex.def Info: silhouettes.jpg  used on input line 457.
(pdftex.def)             Requested size: 448.97432pt x 337.25769pt.

Overfull \hbox (22.18297pt too wide) in paragraph at lines 457--458
[][] 
 []

[19 <./silhouettes.jpg>] [20] [21]
Chapter 4.
[22

]
Chapter 5.
[23

]
Overfull \hbox (129.30428pt too wide) in paragraph at lines 533--535
[]\OT1/cmr/m/n/10 University of Vic-to-ria  https://www.ece.uvic.ca/ aalbu/comp
uter%20vision%202009/Lecture%209.%20Segmentation-
 []


Underfull \hbox (badness 10000) in paragraph at lines 537--539
[]\OT1/cmr/m/n/10 What When How  http://what-when-how.com/biomedical-
 []


Underfull \hbox (badness 10000) in paragraph at lines 537--539
\OT1/cmr/m/n/10 image-analysis/intensity-based-segmentation-thresholding-biomed
ical-
 []


Underfull \hbox (badness 10000) in paragraph at lines 537--539
\OT1/cmr/m/n/10 image-analysis/#:~:text=Biomedical%20Image%20Analysis)-
 []


Overfull \hbox (294.32156pt too wide) in paragraph at lines 537--539
\OT1/cmr/m/n/10 ,Intensity%2DBased%20Segmentation%20(Thresholding)%20(Biomedica
l%20Image%20Analysis),relevant%20information%20are%20called%20background. 
 []

[24

]
Appendix A.
[25

] (./project_report.aux) ) 
Here is how much of TeX's memory you used:
 3243 strings out of 479383
 43329 string characters out of 5875831
 330375 words of memory out of 5000000
 20289 multiletter control sequences out of 15000+600000
 416696 words of font info for 81 fonts, out of 8000000 for 9000
 1141 hyphenation exceptions out of 8191
 66i,11n,72p,858b,243s stack positions out of 5000i,500n,10000p,200000b,80000s
</usr/share/texmf-dist/fonts/type1/public/amsfonts/cm
/cmbx10.pfb></usr/share/texmf-dist/fonts/type1/public/amsfonts/cm/cmbx12.pfb></
usr/share/texmf-dist/fonts/type1/public/amsfonts/cm/cmbx9.pfb></usr/share/texmf
-dist/fonts/type1/public/amsfonts/cm/cmex10.pfb></usr/share/texmf-dist/fonts/ty
pe1/public/amsfonts/cm/cmmi10.pfb></usr/share/texmf-dist/fonts/type1/public/ams
fonts/cm/cmmi7.pfb></usr/share/texmf-dist/fonts/type1/public/amsfonts/cm/cmr10.
pfb></usr/share/texmf-dist/fonts/type1/public/amsfonts/cm/cmr12.pfb></usr/share
/texmf-dist/fonts/type1/public/amsfonts/cm/cmr17.pfb></usr/share/texmf-dist/fon
ts/type1/public/amsfonts/cm/cmr6.pfb></usr/share/texmf-dist/fonts/type1/public/
amsfonts/cm/cmr7.pfb></usr/share/texmf-dist/fonts/type1/public/amsfonts/cm/cmr8
.pfb></usr/share/texmf-dist/fonts/type1/public/amsfonts/cm/cmr9.pfb></usr/share
/texmf-dist/fonts/type1/public/amsfonts/cm/cmss10.pfb></usr/share/texmf-dist/fo
nts/type1/public/amsfonts/cm/cmsy10.pfb></usr/share/texmf-dist/fonts/type1/publ
ic/amsfonts/cm/cmsy7.pfb></usr/share/texmf-dist/fonts/type1/public/amsfonts/cm/
cmti10.pfb></usr/share/texmf-dist/fonts/type1/public/amsfonts/cm/cmti9.pfb></us
r/share/texmf-dist/fonts/type1/public/amsfonts/latxfont/lasy10.pfb></usr/share/
texmf-dist/fonts/type1/public/amsfonts/symbols/msbm10.pfb>
Output written on project_report.pdf (28 pages, 2323226 bytes).
PDF statistics:
 198 PDF objects out of 1000 (max. 8388607)
 124 compressed objects within 2 object streams
 0 named destinations out of 1000 (max. 500000)
 91 words of extra memory for PDF output out of 10000 (max. 10000000)

